<?xml version="1.0" encoding="UTF-8"?>
<robot generator="Robot 5.0.1 (Python 3.10.5 on win32)" generated="20231002 16:18:36.927" rpa="false" schemaversion="3">
<suite id="s1" name="Login" source="C:\Users\lenovo\innosoft\Automated_Test\HRD_IDP\testcase\API\test_script\login.robot">
<test id="s1-t1" name="Check API XX" line="11">
<kw name="Create Session" library="RequestsLibrary">
<arg>login</arg>
<arg>${URL}</arg>
<arg>verify=true</arg>
<doc>Create Session: create a HTTP session to a server</doc>
<msg timestamp="20231002 16:18:37.664" level="INFO">Creating Session using : alias=login, url=http://10.35.29.184, headers={},                     cookies={}, auth=None, timeout=None, proxies=None, verify=True,                     debug=0 </msg>
<status status="PASS" starttime="20231002 16:18:37.664" endtime="20231002 16:18:37.665"/>
</kw>
<kw name="Load Json From File" library="JSONLibrary">
<var>${body}</var>
<arg>request-json/post_login.json</arg>
<doc>Load JSON from file.</doc>
<msg timestamp="20231002 16:18:37.668" level="INFO">${body} = {'username': 'admin.one', 'password': 'password'}</msg>
<status status="PASS" starttime="20231002 16:18:37.665" endtime="20231002 16:18:37.668"/>
</kw>
<kw name="Log" library="BuiltIn">
<arg>${body}</arg>
<doc>Logs the given message with the given level.</doc>
<msg timestamp="20231002 16:18:37.670" level="INFO">{'username': 'admin.one', 'password': 'password'}</msg>
<status status="PASS" starttime="20231002 16:18:37.670" endtime="20231002 16:18:37.670"/>
</kw>
<kw name="POST On Session" library="RequestsLibrary">
<var>${response}</var>
<arg>login</arg>
<arg>/api/auth/login</arg>
<arg>json=${body}</arg>
<doc>Sends a POST request on a previously created HTTP Session.</doc>
<msg timestamp="20231002 16:18:38.134" level="INFO">POST Request : url=http://10.35.29.184/api/auth/login 
 path_url=/api/auth/login 
 headers={'User-Agent': 'python-requests/2.28.1', 'Accept-Encoding': 'gzip, deflate', 'Accept': '*/*', 'Connection': 'keep-alive', 'Content-Length': '49', 'Content-Type': 'application/json'} 
 body=b'{"username": "admin.one", "password": "password"}' 
 </msg>
<msg timestamp="20231002 16:18:38.134" level="INFO">POST Response : url=http://10.35.29.184/api/auth/login 
 status=200, reason=OK 
 headers={'Server': 'nginx/1.25.2', 'Content-Type': 'application/json', 'Transfer-Encoding': 'chunked', 'Connection': 'keep-alive', 'X-Powered-By': 'PHP/8.1.1', 'Cache-Control': 'no-cache, private', 'Date': 'Mon, 02 Oct 2023 09:18:41 GMT', 'X-RateLimit-Limit': '60', 'X-RateLimit-Remaining': '59', 'Access-Control-Allow-Origin': '*'} 
 body={"access_token":"eyJ0eXAiOiJKV1QiLCJhbGciOiJIUzI1NiJ9.eyJpc3MiOiJodHRwOi8vMTAuMzUuMjkuMTg0L2FwaS9hdXRoL2xvZ2luIiwiaWF0IjoxNjk2MjM4MzIxLCJleHAiOjE2OTYyNDE5MjEsIm5iZiI6MTY5NjIzODMyMSwianRpIjoibE9lcVoxaGs1NnY3Q2xPUyIsInN1YiI6IjQiLCJwcnYiOiIyM2JkNWM4OTQ5ZjYwMGFkYjM5ZTcwMWM0MDA4NzJkYjdhNTk3NmY3In0.4VOSd1rceKwjv_l7s5hMesfz-DLioJ8tvm9C_zCtGgI","token_type":"bearer","expires_in":3600} 
 </msg>
<msg timestamp="20231002 16:18:38.134" level="INFO">${response} = &lt;Response [200]&gt;</msg>
<status status="PASS" starttime="20231002 16:18:37.671" endtime="20231002 16:18:38.135"/>
</kw>
<kw name="Log" library="BuiltIn">
<arg>${response.status_code}</arg>
<doc>Logs the given message with the given level.</doc>
<msg timestamp="20231002 16:18:38.137" level="INFO">200</msg>
<status status="PASS" starttime="20231002 16:18:38.136" endtime="20231002 16:18:38.137"/>
</kw>
<kw name="Log" library="BuiltIn">
<arg>${response.content}</arg>
<doc>Logs the given message with the given level.</doc>
<msg timestamp="20231002 16:18:38.138" level="INFO">{"access_token":"eyJ0eXAiOiJKV1QiLCJhbGciOiJIUzI1NiJ9.eyJpc3MiOiJodHRwOi8vMTAuMzUuMjkuMTg0L2FwaS9hdXRoL2xvZ2luIiwiaWF0IjoxNjk2MjM4MzIxLCJleHAiOjE2OTYyNDE5MjEsIm5iZiI6MTY5NjIzODMyMSwianRpIjoibE9lcVoxaGs1NnY3Q2xPUyIsInN1YiI6IjQiLCJwcnYiOiIyM2JkNWM4OTQ5ZjYwMGFkYjM5ZTcwMWM0MDA4NzJkYjdhNTk3NmY3In0.4VOSd1rceKwjv_l7s5hMesfz-DLioJ8tvm9C_zCtGgI","token_type":"bearer","expires_in":3600}</msg>
<status status="PASS" starttime="20231002 16:18:38.137" endtime="20231002 16:18:38.139"/>
</kw>
<kw name="Set Variable" library="BuiltIn">
<var>${return_access_token}</var>
<arg>${response.json()}[access_token]</arg>
<doc>Returns the given values which can then be assigned to a variables.</doc>
<msg timestamp="20231002 16:18:38.140" level="INFO">${return_access_token} = eyJ0eXAiOiJKV1QiLCJhbGciOiJIUzI1NiJ9.eyJpc3MiOiJodHRwOi8vMTAuMzUuMjkuMTg0L2FwaS9hdXRoL2xvZ2luIiwiaWF0IjoxNjk2MjM4MzIxLCJleHAiOjE2OTYyNDE5MjEsIm5iZiI6MTY5NjIzODMyMSwianRpIjoibE9lcVoxaGs1NnY3Q2xPUyIsInN...</msg>
<status status="PASS" starttime="20231002 16:18:38.140" endtime="20231002 16:18:38.140"/>
</kw>
<kw name="Convert To String" library="BuiltIn">
<var>${return_code}</var>
<arg>${response.status_code}</arg>
<doc>Converts the given item to a Unicode string.</doc>
<msg timestamp="20231002 16:18:38.142" level="INFO">${return_code} = 200</msg>
<status status="PASS" starttime="20231002 16:18:38.141" endtime="20231002 16:18:38.142"/>
</kw>
<kw name="Should Be Equal" library="BuiltIn">
<arg>${return_code}</arg>
<arg>200</arg>
<doc>Fails if the given objects are unequal.</doc>
<status status="PASS" starttime="20231002 16:18:38.142" endtime="20231002 16:18:38.142"/>
</kw>
<status status="PASS" starttime="20231002 16:18:37.663" endtime="20231002 16:18:38.143"/>
</test>
<status status="PASS" starttime="20231002 16:18:36.931" endtime="20231002 16:18:38.146"/>
</suite>
<statistics>
<total>
<stat pass="1" fail="0" skip="0">All Tests</stat>
</total>
<tag>
</tag>
<suite>
<stat pass="1" fail="0" skip="0" id="s1" name="Login">Login</stat>
</suite>
</statistics>
<errors>
</errors>
</robot>
